Using pre-set license
Built from '2021.3/staging' branch; Version is '2021.3.15f1 (e8e88683f834) revision 15263878'; Using compiler version '192829333'; Build Type 'Release'
OS: 'Windows 10  (10.0.19045) 64bit Core' Language: 'de' Physical Memory: 6020 MB
BatchMode: 1, IsHumanControllingUs: 0, StartBugReporterOnCrash: 0, Is64bit: 1, IsPro: 1

COMMAND LINE ARGUMENTS:
C:\Program Files\Unity\Hub\Editor\2021.3.15f1\Editor\Unity.exe
-adb2
-batchMode
-noUpm
-name
AssetImportWorker2
-projectPath
C:/Users/Public/Documents/Visual_Novel_SAP_4
-logFile
Logs/AssetImportWorker2.log
-srvPort
55640
Successfully changed project path to: C:/Users/Public/Documents/Visual_Novel_SAP_4
C:/Users/Public/Documents/Visual_Novel_SAP_4
[UnityMemory] Configuration Parameters - Can be set up in boot.config
    "memorysetup-bucket-allocator-granularity=16"
    "memorysetup-bucket-allocator-bucket-count=8"
    "memorysetup-bucket-allocator-block-size=33554432"
    "memorysetup-bucket-allocator-block-count=8"
    "memorysetup-main-allocator-block-size=16777216"
    "memorysetup-thread-allocator-block-size=16777216"
    "memorysetup-gfx-main-allocator-block-size=16777216"
    "memorysetup-gfx-thread-allocator-block-size=16777216"
    "memorysetup-cache-allocator-block-size=4194304"
    "memorysetup-typetree-allocator-block-size=2097152"
    "memorysetup-profiler-bucket-allocator-granularity=16"
    "memorysetup-profiler-bucket-allocator-bucket-count=8"
    "memorysetup-profiler-bucket-allocator-block-size=33554432"
    "memorysetup-profiler-bucket-allocator-block-count=8"
    "memorysetup-profiler-allocator-block-size=16777216"
    "memorysetup-profiler-editor-allocator-block-size=1048576"
    "memorysetup-temp-allocator-size-main=16777216"
    "memorysetup-job-temp-allocator-block-size=2097152"
    "memorysetup-job-temp-allocator-block-size-background=1048576"
    "memorysetup-job-temp-allocator-reduction-small-platforms=262144"
    "memorysetup-temp-allocator-size-background-worker=32768"
    "memorysetup-temp-allocator-size-job-worker=262144"
    "memorysetup-temp-allocator-size-preload-manager=33554432"
    "memorysetup-temp-allocator-size-nav-mesh-worker=65536"
    "memorysetup-temp-allocator-size-audio-worker=65536"
    "memorysetup-temp-allocator-size-cloud-worker=32768"
    "memorysetup-temp-allocator-size-gi-baking-worker=262144"
    "memorysetup-temp-allocator-size-gfx=262144"
Player connection [3732] Host "[IP] 10.26.90.13 [Port] 0 [Flags] 2 [Guid] 2801565221 [EditorId] 2801565221 [Version] 1048832 [Id] WindowsEditor(7,LAPTOP-NP37SNRK) [Debug] 1 [PackageName] WindowsEditor [ProjectName] Editor" joined multi-casting on [225.0.0.222:54997]...

Player connection [3732] Host "[IP] 10.26.90.13 [Port] 0 [Flags] 2 [Guid] 2801565221 [EditorId] 2801565221 [Version] 1048832 [Id] WindowsEditor(7,LAPTOP-NP37SNRK) [Debug] 1 [PackageName] WindowsEditor [ProjectName] Editor" joined alternative multi-casting on [225.0.0.222:34997]...

Refreshing native plugins compatible for Editor in 166.52 ms, found 3 plugins.
Preloading 0 native plugins for Editor in 0.00 ms.
Initialize engine version: 2021.3.15f1 (e8e88683f834)
[Subsystems] Discovering subsystems at path C:/Program Files/Unity/Hub/Editor/2021.3.15f1/Editor/Data/Resources/UnitySubsystems
[Subsystems] Discovering subsystems at path C:/Users/Public/Documents/Visual_Novel_SAP_4/Assets
GfxDevice: creating device client; threaded=0; jobified=0
Direct3D:
    Version:  Direct3D 11.0 [level 11.1]
    Renderer: AMD Radeon(TM) Vega 8 Graphics (ID=0x15d8)
    Vendor:   ATI
    VRAM:     3010 MB
    Driver:   31.0.12024.0
Initialize mono
Mono path[0] = 'C:/Program Files/Unity/Hub/Editor/2021.3.15f1/Editor/Data/Managed'
Mono path[1] = 'C:/Program Files/Unity/Hub/Editor/2021.3.15f1/Editor/Data/MonoBleedingEdge/lib/mono/unityjit-win32'
Mono config path = 'C:/Program Files/Unity/Hub/Editor/2021.3.15f1/Editor/Data/MonoBleedingEdge/etc'
Using monoOptions --debugger-agent=transport=dt_socket,embedding=1,server=y,suspend=n,address=127.0.0.1:56048
Begin MonoManager ReloadAssembly
Registering precompiled unity dll's ...
Register platform support module: C:/Program Files/Unity/Hub/Editor/2021.3.15f1/Editor/Data/PlaybackEngines/WindowsStandaloneSupport/UnityEditor.WindowsStandalone.Extensions.dll
Registered in 0.015199 seconds.
Native extension for WindowsStandalone target not found
Refreshing native plugins compatible for Editor in 148.27 ms, found 3 plugins.
Preloading 0 native plugins for Editor in 0.00 ms.
Mono: successfully reloaded assembly
- Completed reload, in  1.131 seconds
Domain Reload Profiling:
	ReloadAssembly (1131ms)
		BeginReloadAssembly (180ms)
			ExecutionOrderSort (0ms)
			DisableScriptedObjects (0ms)
			BackupInstance (0ms)
			ReleaseScriptingObjects (0ms)
			CreateAndSetChildDomain (1ms)
		EndReloadAssembly (767ms)
			LoadAssemblies (174ms)
			RebuildTransferFunctionScriptingTraits (0ms)
			SetupTypeCache (173ms)
			ReleaseScriptCaches (0ms)
			RebuildScriptCaches (42ms)
			SetupLoadedEditorAssemblies (468ms)
				LogAssemblyErrors (0ms)
				InitializePlatformSupportModulesInManaged (13ms)
				SetLoadedEditorAssemblies (0ms)
				RefreshPlugins (148ms)
				BeforeProcessingInitializeOnLoad (2ms)
				ProcessInitializeOnLoadAttributes (216ms)
				ProcessInitializeOnLoadMethodAttributes (89ms)
				AfterProcessingInitializeOnLoad (0ms)
				EditorAssembliesLoaded (0ms)
			ExecutionOrderSort2 (0ms)
			AwakeInstancesAfterBackupRestoration (0ms)
Platform modules already initialized, skipping
Registering precompiled user dll's ...
Registered in 0.016204 seconds.
Begin MonoManager ReloadAssembly
Symbol file LoadedFromMemory doesn't match image C:\Users\Public\Documents\Visual_Novel_SAP_4\Library\PackageCache\com.unity.visualscripting@1.7.8\Editor\VisualScripting.Core\Dependencies\YamlDotNet\Unity.VisualScripting.YamlDotNet.dll
Symbol file LoadedFromMemory doesn't match image C:\Users\Public\Documents\Visual_Novel_SAP_4\Library\PackageCache\com.unity.visualscripting@1.7.8\Editor\VisualScripting.Core\Dependencies\DotNetZip\Unity.VisualScripting.IonicZip.dll
Native extension for WindowsStandalone target not found
Refreshing native plugins compatible for Editor in 142.38 ms, found 3 plugins.
Preloading 0 native plugins for Editor in 0.00 ms.
Mono: successfully reloaded assembly
- Completed reload, in 10.732 seconds
Domain Reload Profiling:
	ReloadAssembly (10733ms)
		BeginReloadAssembly (261ms)
			ExecutionOrderSort (0ms)
			DisableScriptedObjects (11ms)
			BackupInstance (0ms)
			ReleaseScriptingObjects (0ms)
			CreateAndSetChildDomain (30ms)
		EndReloadAssembly (10231ms)
			LoadAssemblies (7115ms)
			RebuildTransferFunctionScriptingTraits (0ms)
			SetupTypeCache (447ms)
			ReleaseScriptCaches (1ms)
			RebuildScriptCaches (86ms)
			SetupLoadedEditorAssemblies (2598ms)
				LogAssemblyErrors (0ms)
				InitializePlatformSupportModulesInManaged (8ms)
				SetLoadedEditorAssemblies (0ms)
				RefreshPlugins (142ms)
				BeforeProcessingInitializeOnLoad (156ms)
				ProcessInitializeOnLoadAttributes (516ms)
				ProcessInitializeOnLoadMethodAttributes (1755ms)
				AfterProcessingInitializeOnLoad (19ms)
				EditorAssembliesLoaded (0ms)
			ExecutionOrderSort2 (0ms)
			AwakeInstancesAfterBackupRestoration (9ms)
Platform modules already initialized, skipping
========================================================================
Worker process is ready to serve import requests
Launched and connected shader compiler UnityShaderCompiler.exe after 0.09 seconds
Refreshing native plugins compatible for Editor in 1.23 ms, found 3 plugins.
Preloading 0 native plugins for Editor in 0.00 ms.
Unloading 5056 Unused Serialized files (Serialized files now loaded: 0)
Unloading 44 unused Assets / (1.1 MB). Loaded Objects now: 5498.
Memory consumption went from 199.5 MB to 198.4 MB.
Total: 6.922100 ms (FindLiveObjects: 0.716400 ms CreateObjectMapping: 0.832800 ms MarkObjects: 4.699000 ms  DeleteObjects: 0.672000 ms)

AssetImportParameters requested are different than current active one (requested -> active):
  custom:video-decoder-ogg-theora: a1e56fd34408186e4bbccfd4996cb3dc -> 
  custom:container-muxer-webm: aa71ff27fc2769a1b78a27578f13a17b -> 
  custom:container-demuxer-webm: 4f35f7cbe854078d1ac9338744f61a02 -> 
  custom:video-encoder-webm-vp8: eb34c28f22e8b96e1ab97ce403110664 -> 
  custom:video-codec-MediaFoundation-h265: 746d11721c4dcdbdad8f713fa42b33f4 -> 
  custom:audio-encoder-webm-vorbis: bf7c407c2cedff20999df2af8eb42d56 -> 
  custom:framework-win-MediaFoundation: 216162199b28c13a410421893ffa2e32 -> 
  custom:container-demuxer-ogg: 62fdf1f143b41e24485cea50d1cbac27 -> 
  custom:video-decoder-webm-vp8: 9c59270c3fd7afecdb556c50c9e8de78 -> 
  custom:audio-decoder-ogg-vorbis: bf7c407c2cedff20999df2af8eb42d56 -> 
========================================================================
Received Import Request.
  Time since last request: 73922.010952 seconds.
  path: Assets/Assets/2D
  artifactKey: Guid(f68cacb2c5228c342894747cb4df205b) Importer(815301076,1909f56bfc062723c751e8b465ee728b)
Start importing Assets/Assets/2D using Guid(f68cacb2c5228c342894747cb4df205b) Importer(815301076,1909f56bfc062723c751e8b465ee728b)  -> (artifact id: '59ee1e34c03eb26dee77139c4d25755c') in 0.031870 seconds 
========================================================================
Received Import Request.
  Time since last request: 5.735263 seconds.
  path: Assets/Assets/3D
  artifactKey: Guid(3ae76a99ca91e3444be4e4c010328ba0) Importer(815301076,1909f56bfc062723c751e8b465ee728b)
Start importing Assets/Assets/3D using Guid(3ae76a99ca91e3444be4e4c010328ba0) Importer(815301076,1909f56bfc062723c751e8b465ee728b)  -> (artifact id: '350ea67d2e10be252d2efdb156f98e3a') in 0.013574 seconds 
========================================================================
Received Import Request.
  Time since last request: 17.844702 seconds.
  path: Assets/Textures
  artifactKey: Guid(c8de2d22697669c47ab89e3d8a66ef9a) Importer(815301076,1909f56bfc062723c751e8b465ee728b)
Start importing Assets/Textures using Guid(c8de2d22697669c47ab89e3d8a66ef9a) Importer(815301076,1909f56bfc062723c751e8b465ee728b)  -> (artifact id: 'b21faa536aa0aaf3a8229878841dd2e1') in 0.016827 seconds 
========================================================================
Received Import Request.
  Time since last request: 3.623386 seconds.
  path: Assets/TextMesh Pro
  artifactKey: Guid(f54d1bd14bd3ca042bd867b519fee8cc) Importer(815301076,1909f56bfc062723c751e8b465ee728b)
Start importing Assets/TextMesh Pro using Guid(f54d1bd14bd3ca042bd867b519fee8cc) Importer(815301076,1909f56bfc062723c751e8b465ee728b)  -> (artifact id: 'f5648c5ef36b7beab651a001a8d08867') in 0.013605 seconds 
========================================================================
Received Import Request.
  Time since last request: 1415.063670 seconds.
  path: Assets/Assets/3D/Dice.fbx
  artifactKey: Guid(65f6dc846f16d704c9ca065fb9fccc43) Importer(815301076,1909f56bfc062723c751e8b465ee728b)
Start importing Assets/Assets/3D/Dice.fbx using Guid(65f6dc846f16d704c9ca065fb9fccc43) Importer(815301076,1909f56bfc062723c751e8b465ee728b)  -> (artifact id: '9aadb8fbbb5e4e524643dca4b4b4b6fa') in 2.659899 seconds 
========================================================================
Received Import Request.
  Time since last request: 10.147574 seconds.
  path: Assets/Textures/Cube_Würfel_2.0_lambert1_Albedo.png
  artifactKey: Guid(d04cce6fa94f5dd4aa859909be8bb916) Importer(815301076,1909f56bfc062723c751e8b465ee728b)
Start importing Assets/Textures/Cube_Würfel_2.0_lambert1_Albedo.png using Guid(d04cce6fa94f5dd4aa859909be8bb916) Importer(815301076,1909f56bfc062723c751e8b465ee728b)  -> (artifact id: '98cff367e87ae08683696482a9107c6e') in 0.091412 seconds 
========================================================================
Received Import Request.
  Time since last request: 0.000056 seconds.
  path: Assets/Textures/Cube_Würfel_2.0_lambert1_Metalic.png
  artifactKey: Guid(21f81b1405d4eaa4ba679e18ae5a43db) Importer(815301076,1909f56bfc062723c751e8b465ee728b)
Start importing Assets/Textures/Cube_Würfel_2.0_lambert1_Metalic.png using Guid(21f81b1405d4eaa4ba679e18ae5a43db) Importer(815301076,1909f56bfc062723c751e8b465ee728b)  -> (artifact id: '22a9991b289e8f1c485e0a1979bf50ef') in 0.039275 seconds 
========================================================================
Received Import Request.
  Time since last request: 0.000065 seconds.
  path: Assets/Textures/Cube_Würfel_2.0_lambert1_Height.png
  artifactKey: Guid(2d30d33831c27c640ac6c01635152873) Importer(815301076,1909f56bfc062723c751e8b465ee728b)
Start importing Assets/Textures/Cube_Würfel_2.0_lambert1_Height.png using Guid(2d30d33831c27c640ac6c01635152873) Importer(815301076,1909f56bfc062723c751e8b465ee728b)  -> (artifact id: '4318259caffeaf15ae31e3b84e698b19') in 0.038715 seconds 
========================================================================
Received Import Request.
  Time since last request: 0.000068 seconds.
  path: Assets/Textures/Cube_Würfel_2.0_lambert1_Normal.png
  artifactKey: Guid(559125658a303ac4580ffb42bfec64f3) Importer(815301076,1909f56bfc062723c751e8b465ee728b)
Start importing Assets/Textures/Cube_Würfel_2.0_lambert1_Normal.png using Guid(559125658a303ac4580ffb42bfec64f3) Importer(815301076,1909f56bfc062723c751e8b465ee728b)  -> (artifact id: 'c686fedabeafcf871bcb4ed7b5b982e7') in 0.036284 seconds 
========================================================================
Received Import Request.
  Time since last request: 21.842866 seconds.
  path: Assets/Textures/Dice_Mat.mat
  artifactKey: Guid(e6d9ae1751a419840936feb74fb86c1d) Importer(815301076,1909f56bfc062723c751e8b465ee728b)
Start importing Assets/Textures/Dice_Mat.mat using Guid(e6d9ae1751a419840936feb74fb86c1d) Importer(815301076,1909f56bfc062723c751e8b465ee728b)  -> (artifact id: 'd4fc8ecfca93c1ddcde4301e378dddee') in 0.046785 seconds 
========================================================================
Received Import Request.
  Time since last request: 67.589318 seconds.
  path: Assets/Scenes/Dice_Test.unity
  artifactKey: Guid(7dd36afb952db004fb5965931739e14c) Importer(815301076,1909f56bfc062723c751e8b465ee728b)
Start importing Assets/Scenes/Dice_Test.unity using Guid(7dd36afb952db004fb5965931739e14c) Importer(815301076,1909f56bfc062723c751e8b465ee728b)  -> (artifact id: '424bbbf544c4951ad0821324f6d45a33') in 0.015899 seconds 
========================================================================
Received Import Request.
  Time since last request: 183.201662 seconds.
  path: Assets/Prefabs
  artifactKey: Guid(e572b44a388dd114babd36c41a912c89) Importer(815301076,1909f56bfc062723c751e8b465ee728b)
Start importing Assets/Prefabs using Guid(e572b44a388dd114babd36c41a912c89) Importer(815301076,1909f56bfc062723c751e8b465ee728b)  -> (artifact id: '47e58c07847b719b5db2b8d5872f5d09') in 0.015521 seconds 
========================================================================
Received Import Request.
  Time since last request: 17.498711 seconds.
  path: Assets/Prefabs/Dice.prefab
  artifactKey: Guid(3d18063c1c09bc943b9351ad813507ac) Importer(815301076,1909f56bfc062723c751e8b465ee728b)
Start importing Assets/Prefabs/Dice.prefab using Guid(3d18063c1c09bc943b9351ad813507ac) Importer(815301076,1909f56bfc062723c751e8b465ee728b)  -> (artifact id: 'e6f4ec344d7b904556faffbf0eda784e') in 0.065623 seconds 
========================================================================
Received Import Request.
  Time since last request: 17.310352 seconds.
  path: Assets/Prefabs/Dice.prefab
  artifactKey: Guid(3d18063c1c09bc943b9351ad813507ac) Importer(815301076,1909f56bfc062723c751e8b465ee728b)
Start importing Assets/Prefabs/Dice.prefab using Guid(3d18063c1c09bc943b9351ad813507ac) Importer(815301076,1909f56bfc062723c751e8b465ee728b)  -> (artifact id: '8e1c435c61a36b254852a58212b563bf') in 3.354116 seconds 
